(2026-02-10 17:53:28,074) | excel_cleaning_pipeline | INFO => 'Application environment initialized.'
(2026-02-10 17:53:28,075) | excel_cleaning_pipeline | INFO => 'Pipeline started'
(2026-02-10 17:53:28,075) | excel_cleaning_pipeline | INFO => 'Schema loaded. Required columns: ['id', 'email', 'date', 'amount', 'status', 'notes', 'source_file', 'processed_at'],Aliases: ['order_id', 'customer_email', 'order_date', 'load_time']'
(2026-02-10 17:53:28,077) | excel_cleaning_pipeline | INFO => 'Rules loaded for columns: ['id', 'email', 'amount', 'date', 'status']'
(2026-02-10 17:53:28,078) | excel_cleaning_pipeline | INFO => 'Discovered 1 file(s) to process.'
(2026-02-10 17:53:28,078) | excel_cleaning_pipeline | INFO => 'Loading file: ecommerce_orders.xlsx'
(2026-02-10 17:53:30,159) | excel_cleaning_pipeline | INFO => 'Loaded 50000 rows from ecommerce_orders.xlsx'
(2026-02-10 17:53:30,160) | excel_cleaning_pipeline | INFO => 'Processing file: ecommerce_orders.xlsx'
(2026-02-10 17:53:30,160) | excel_cleaning_pipeline | INFO => 'Starting schema alignment.'
(2026-02-10 17:53:30,160) | excel_cleaning_pipeline | INFO => 'Normalized columns: ['order_id', 'customer_email', 'order_date', 'amount', 'status', 'notes', 'source_file', 'load_time']'
(2026-02-10 17:53:30,161) | excel_cleaning_pipeline | INFO => 'Rename columns: ['id', 'email', 'date', 'amount', 'status', 'notes', 'source_file', 'processed_at']'
(2026-02-10 17:53:30,163) | excel_cleaning_pipeline | INFO => 'Schema alignment completed.'
(2026-02-10 17:53:30,163) | excel_cleaning_pipeline | INFO => 'Data validation started | Rows received: 50000'
(2026-02-10 17:53:30,166) | excel_cleaning_pipeline | INFO => 'Normalized columns: ['id', 'email', 'date', 'amount', 'status', 'notes', 'source_file', 'processed_at']'
(2026-02-10 17:53:30,445) | excel_cleaning_pipeline | INFO => 'Validation finished | Clean: 24531 | Rejected: 25469'
(2026-02-10 17:53:30,448) | excel_cleaning_pipeline | INFO => 'Processed | cleaned: 24531 | rejected: 25469 | '
(2026-02-10 17:53:34,313) | excel_cleaning_pipeline | INFO => 'Cleaned file written: d:\excel_cleaning\output\cleaned\cleaned_20260210_165330.xlsx'
(2026-02-10 17:53:38,782) | excel_cleaning_pipeline | INFO => 'Rejected file written: d:\excel_cleaning\output\rejected\rejected_20260210_165330.xlsx'
(2026-02-10 17:53:38,797) | excel_cleaning_pipeline | INFO => 'Report generated: d:\excel_cleaning\output\reports\report_20260210_165338.xlsx'
(2026-02-10 17:53:38,798) | excel_cleaning_pipeline | INFO => 'Email sending is disabled'
(2026-02-10 17:53:38,801) | excel_cleaning_pipeline | INFO => 'Top 10 rejection reasons calculated'
(2026-02-10 17:53:38,807) | excel_cleaning_pipeline | INFO => 'Null ratios calculated'
(2026-02-10 17:53:38,822) | excel_cleaning_pipeline | INFO => 'Duplicate rate calculated: 0.00%'
(2026-02-10 17:53:38,827) | excel_cleaning_pipeline | INFO => 'Top rejection reasons:
                                    rejection_reason  count
0                                  amount_below_min;   8143
1                           amount_null_not_allowed;   8117
2                            email_null_not_allowed;   4112
3    email_null_not_allowed;amount_null_not_allowed;   1348
4                             date_null_not_allowed;   1299
5           email_null_not_allowed;amount_below_min;   1278
6     amount_null_not_allowed;date_null_not_allowed;    435
7            amount_below_min;date_null_not_allowed;    404
8      email_null_not_allowed;date_null_not_allowed;    199
9  email_null_not_allowed;amount_below_min;date_n...     78'
(2026-02-10 17:53:38,828) | excel_cleaning_pipeline | INFO => 'Null ratios:
id              0.000000
email           0.000000
date            0.000000
amount          0.000000
status          0.000000
notes           0.403408
source_file     0.000000
processed_at    0.000000
dtype: float64'
(2026-02-10 17:53:38,828) | excel_cleaning_pipeline | INFO => 'Duplicate rate: 0.00%'
(2026-02-10 17:53:38,829) | excel_cleaning_pipeline | INFO => 'Pipeline finished successfully'
